d:\code\java\dock\astm\com2tcp\debug\com2tcp.bsc
d:\code\java\dock\astm\com2tcp\debug\vc120.pdb
d:\code\java\dock\astm\com2tcp\debug\vc120.idb
d:\code\java\dock\astm\com2tcp\debug\utils.sbr
d:\code\java\dock\astm\com2tcp\debug\telnet.sbr
d:\code\java\dock\astm\com2tcp\debug\com2tcp.sbr
d:\code\java\dock\astm\com2tcp\debug\com2tcp.obj
d:\code\java\dock\astm\com2tcp\debug\telnet.obj
d:\code\java\dock\astm\com2tcp\debug\utils.obj
d:\code\java\dock\astm\com2tcp\debug\com2tcp.ilk
d:\code\java\dock\astm\com2tcp\debug\com2tcp.exe
d:\code\java\dock\astm\com2tcp\debug\com2tcp.pdb
d:\code\java\dock\astm\com2tcp\debug\com2tcp.res
d:\code\java\dock\astm\com2tcp\.\debug\com2tcp.exe
d:\code\java\dock\astm\com2tcp\debug\com2tcp.tlog\bscmake.command.1.tlog
d:\code\java\dock\astm\com2tcp\debug\com2tcp.tlog\bscmake.read.1.tlog
d:\code\java\dock\astm\com2tcp\debug\com2tcp.tlog\bscmake.write.1.tlog
d:\code\java\dock\astm\com2tcp\debug\com2tcp.tlog\cl.command.1.tlog
d:\code\java\dock\astm\com2tcp\debug\com2tcp.tlog\cl.read.1.tlog
d:\code\java\dock\astm\com2tcp\debug\com2tcp.tlog\cl.write.1.tlog
d:\code\java\dock\astm\com2tcp\debug\com2tcp.tlog\link.command.1.tlog
d:\code\java\dock\astm\com2tcp\debug\com2tcp.tlog\link.read.1.tlog
d:\code\java\dock\astm\com2tcp\debug\com2tcp.tlog\link.write.1.tlog
d:\code\java\dock\astm\com2tcp\debug\com2tcp.tlog\rc.command.1.tlog
d:\code\java\dock\astm\com2tcp\debug\com2tcp.tlog\rc.read.1.tlog
d:\code\java\dock\astm\com2tcp\debug\com2tcp.tlog\rc.write.1.tlog
